2015/02/01 16:28:07 [error] [php] include(TbDataColumn.php): failed to open stream: No such file or directory (C:\xampp\htdocs\yii\framework\YiiBase.php:427)
Stack trace:
#0 C:\xampp\htdocs\SricharitaMatrimony\protected\extensions\bootstrap\widgets\TbGridView.php(92): spl_autoload_call()
#1 C:\xampp\htdocs\yii\framework\zii\widgets\grid\CGridView.php(383): TbGridView->createDataColumn()
#2 C:\xampp\htdocs\SricharitaMatrimony\protected\extensions\bootstrap\widgets\TbGridView.php(75): TbGridView->initColumns()
#3 C:\xampp\htdocs\yii\framework\zii\widgets\grid\CGridView.php(359): TbGridView->initColumns()
#4 C:\xampp\htdocs\SricharitaMatrimony\protected\extensions\bootstrap\widgets\TbGridView.php(44): TbGridView->init()
#5 C:\xampp\htdocs\yii\framework\web\CBaseController.php(147): TbGridView->init()
#6 C:\xampp\htdocs\yii\framework\web\CBaseController.php(172): SriUsersPrimeDataController->createWidget()
#7 C:\xampp\htdocs\SricharitaMatrimony\protected\views\sriUsersPrimeData\admin.php(66): SriUsersPrimeDataController->widget()
#8 C:\xampp\htdocs\yii\framework\web\CBaseController.php(126): require()
#9 C:\xampp\htdocs\yii\framework\web\CBaseController.php(95): SriUsersPrimeDataController->renderInternal()
#10 C:\xampp\htdocs\yii\framework\web\CController.php(869): SriUsersPrimeDataController->renderFile()
#11 C:\xampp\htdocs\yii\framework\web\CController.php(782): SriUsersPrimeDataController->renderPartial()
#12 C:\xampp\htdocs\SricharitaMatrimony\protected\controllers\SriUsersPrimeDataController.php(150): SriUsersPrimeDataController->render()
#13 C:\xampp\htdocs\yii\framework\web\actions\CInlineAction.php(49): SriUsersPrimeDataController->actionAdmin()
#14 C:\xampp\htdocs\yii\framework\web\CController.php(308): CInlineAction->runWithParams()
#15 C:\xampp\htdocs\yii\framework\web\filters\CFilterChain.php(133): SriUsersPrimeDataController->runAction()
#16 C:\xampp\htdocs\yii\framework\web\filters\CFilter.php(40): CFilterChain->run()
#17 C:\xampp\htdocs\yii\framework\web\CController.php(1145): CAccessControlFilter->filter()
#18 C:\xampp\htdocs\yii\framework\web\filters\CInlineFilter.php(58): SriUsersPrimeDataController->filterAccessControl()
#19 C:\xampp\htdocs\yii\framework\web\filters\CFilterChain.php(130): CInlineFilter->filter()
#20 C:\xampp\htdocs\yii\framework\web\CController.php(291): CFilterChain->run()
#21 C:\xampp\htdocs\yii\framework\web\CController.php(265): SriUsersPrimeDataController->runActionWithFilters()
#22 C:\xampp\htdocs\yii\framework\web\CWebApplication.php(282): SriUsersPrimeDataController->run()
#23 C:\xampp\htdocs\yii\framework\web\CWebApplication.php(141): CWebApplication->runController()
#24 C:\xampp\htdocs\yii\framework\base\CApplication.php(180): CWebApplication->processRequest()
#25 C:\xampp\htdocs\SricharitaMatrimony\index.php(13): CWebApplication->run()
REQUEST_URI=/SricharitaMatrimony/index.php?r=sriUsersPrimeData/admin
in C:\xampp\htdocs\SricharitaMatrimony\protected\extensions\bootstrap\widgets\TbGridView.php (92)
in C:\xampp\htdocs\SricharitaMatrimony\protected\extensions\bootstrap\widgets\TbGridView.php (75)
in C:\xampp\htdocs\SricharitaMatrimony\protected\extensions\bootstrap\widgets\TbGridView.php (44)
2015/02/01 17:23:24 [error] [php] include(TbDataColumn.php): failed to open stream: No such file or directory (C:\xampp\htdocs\yii\framework\YiiBase.php:427)
Stack trace:
#0 C:\xampp\htdocs\SricharitaMatrimony\protected\extensions\bootstrap\widgets\TbGridView.php(92): spl_autoload_call()
#1 C:\xampp\htdocs\yii\framework\zii\widgets\grid\CGridView.php(383): TbGridView->createDataColumn()
#2 C:\xampp\htdocs\SricharitaMatrimony\protected\extensions\bootstrap\widgets\TbGridView.php(75): TbGridView->initColumns()
#3 C:\xampp\htdocs\yii\framework\zii\widgets\grid\CGridView.php(359): TbGridView->initColumns()
#4 C:\xampp\htdocs\SricharitaMatrimony\protected\extensions\bootstrap\widgets\TbGridView.php(44): TbGridView->init()
#5 C:\xampp\htdocs\yii\framework\web\CBaseController.php(147): TbGridView->init()
#6 C:\xampp\htdocs\yii\framework\web\CBaseController.php(172): SriUsersPrimeDataController->createWidget()
#7 C:\xampp\htdocs\SricharitaMatrimony\protected\views\sriUsersPrimeData\admin.php(66): SriUsersPrimeDataController->widget()
#8 C:\xampp\htdocs\yii\framework\web\CBaseController.php(126): require()
#9 C:\xampp\htdocs\yii\framework\web\CBaseController.php(95): SriUsersPrimeDataController->renderInternal()
#10 C:\xampp\htdocs\yii\framework\web\CController.php(869): SriUsersPrimeDataController->renderFile()
#11 C:\xampp\htdocs\yii\framework\web\CController.php(782): SriUsersPrimeDataController->renderPartial()
#12 C:\xampp\htdocs\SricharitaMatrimony\protected\controllers\SriUsersPrimeDataController.php(150): SriUsersPrimeDataController->render()
#13 C:\xampp\htdocs\yii\framework\web\actions\CInlineAction.php(49): SriUsersPrimeDataController->actionAdmin()
#14 C:\xampp\htdocs\yii\framework\web\CController.php(308): CInlineAction->runWithParams()
#15 C:\xampp\htdocs\yii\framework\web\filters\CFilterChain.php(133): SriUsersPrimeDataController->runAction()
#16 C:\xampp\htdocs\yii\framework\web\filters\CFilter.php(40): CFilterChain->run()
#17 C:\xampp\htdocs\yii\framework\web\CController.php(1145): CAccessControlFilter->filter()
#18 C:\xampp\htdocs\yii\framework\web\filters\CInlineFilter.php(58): SriUsersPrimeDataController->filterAccessControl()
#19 C:\xampp\htdocs\yii\framework\web\filters\CFilterChain.php(130): CInlineFilter->filter()
#20 C:\xampp\htdocs\yii\framework\web\CController.php(291): CFilterChain->run()
#21 C:\xampp\htdocs\yii\framework\web\CController.php(265): SriUsersPrimeDataController->runActionWithFilters()
#22 C:\xampp\htdocs\yii\framework\web\CWebApplication.php(282): SriUsersPrimeDataController->run()
#23 C:\xampp\htdocs\yii\framework\web\CWebApplication.php(141): CWebApplication->runController()
#24 C:\xampp\htdocs\yii\framework\base\CApplication.php(180): CWebApplication->processRequest()
#25 C:\xampp\htdocs\SricharitaMatrimony\index.php(13): CWebApplication->run()
REQUEST_URI=/SricharitaMatrimony/index.php?r=sriUsersPrimeData/admin
in C:\xampp\htdocs\SricharitaMatrimony\protected\extensions\bootstrap\widgets\TbGridView.php (92)
in C:\xampp\htdocs\SricharitaMatrimony\protected\extensions\bootstrap\widgets\TbGridView.php (75)
in C:\xampp\htdocs\SricharitaMatrimony\protected\extensions\bootstrap\widgets\TbGridView.php (44)
2015/02/01 20:07:55 [error] [exception.CDbException] exception 'CDbException' with message 'CDbConnection failed to open the DB connection: SQLSTATE[HY000] [2002] No connection could be made because the target machine actively refused it.
' in C:\xampp\htdocs\yii\framework\db\CDbConnection.php:382
Stack trace:
#0 C:\xampp\htdocs\yii\framework\db\CDbConnection.php(330): CDbConnection->open()
#1 C:\xampp\htdocs\yii\framework\db\CDbConnection.php(308): CDbConnection->setActive(true)
#2 C:\xampp\htdocs\yii\framework\base\CModule.php(387): CDbConnection->init()
#3 C:\xampp\htdocs\yii\framework\base\CApplication.php(450): CModule->getComponent('db')
#4 C:\xampp\htdocs\yii\framework\db\ar\CActiveRecord.php(634): CApplication->getDb()
#5 C:\xampp\htdocs\yii\framework\db\ar\CActiveRecord.php(2361): CActiveRecord->getDbConnection()
#6 C:\xampp\htdocs\yii\framework\db\ar\CActiveRecord.php(411): CActiveRecordMetaData->__construct(Object(SriUsersPrimeData))
#7 C:\xampp\htdocs\yii\framework\db\ar\CActiveRecord.php(79): CActiveRecord->getMetaData()
#8 C:\xampp\htdocs\SricharitaMatrimony\protected\controllers\SiteController.php(32): CActiveRecord->__construct()
#9 C:\xampp\htdocs\yii\framework\web\actions\CInlineAction.php(49): SiteController->actionIndex()
#10 C:\xampp\htdocs\yii\framework\web\CController.php(308): CInlineAction->runWithParams(Array)
#11 C:\xampp\htdocs\yii\framework\web\CController.php(286): CController->runAction(Object(CInlineAction))
#12 C:\xampp\htdocs\yii\framework\web\CController.php(265): CController->runActionWithFilters(Object(CInlineAction), Array)
#13 C:\xampp\htdocs\yii\framework\web\CWebApplication.php(282): CController->run('index')
#14 C:\xampp\htdocs\yii\framework\web\CWebApplication.php(141): CWebApplication->runController('site/index')
#15 C:\xampp\htdocs\yii\framework\base\CApplication.php(180): CWebApplication->processRequest()
#16 C:\xampp\htdocs\SricharitaMatrimony\index.php(13): CApplication->run()
#17 {main}
REQUEST_URI=/SricharitaMatrimony/index.php?r=site/index
HTTP_REFERER=http://localhost/SricharitaMatrimony/index.php?r=sriUsersPrimeData/view&id=1001
---
2015/02/01 20:08:09 [error] [exception.CDbException] exception 'CDbException' with message 'CDbConnection failed to open the DB connection: SQLSTATE[HY000] [2002] No connection could be made because the target machine actively refused it.
' in C:\xampp\htdocs\yii\framework\db\CDbConnection.php:382
Stack trace:
#0 C:\xampp\htdocs\yii\framework\db\CDbConnection.php(330): CDbConnection->open()
#1 C:\xampp\htdocs\yii\framework\db\CDbConnection.php(308): CDbConnection->setActive(true)
#2 C:\xampp\htdocs\yii\framework\base\CModule.php(387): CDbConnection->init()
#3 C:\xampp\htdocs\yii\framework\base\CApplication.php(450): CModule->getComponent('db')
#4 C:\xampp\htdocs\yii\framework\db\ar\CActiveRecord.php(634): CApplication->getDb()
#5 C:\xampp\htdocs\yii\framework\db\ar\CActiveRecord.php(2361): CActiveRecord->getDbConnection()
#6 C:\xampp\htdocs\yii\framework\db\ar\CActiveRecord.php(411): CActiveRecordMetaData->__construct(Object(SriUsersPrimeData))
#7 C:\xampp\htdocs\yii\framework\db\ar\CActiveRecord.php(79): CActiveRecord->getMetaData()
#8 C:\xampp\htdocs\SricharitaMatrimony\protected\controllers\SiteController.php(32): CActiveRecord->__construct()
#9 C:\xampp\htdocs\yii\framework\web\actions\CInlineAction.php(49): SiteController->actionIndex()
#10 C:\xampp\htdocs\yii\framework\web\CController.php(308): CInlineAction->runWithParams(Array)
#11 C:\xampp\htdocs\yii\framework\web\CController.php(286): CController->runAction(Object(CInlineAction))
#12 C:\xampp\htdocs\yii\framework\web\CController.php(265): CController->runActionWithFilters(Object(CInlineAction), Array)
#13 C:\xampp\htdocs\yii\framework\web\CWebApplication.php(282): CController->run('index')
#14 C:\xampp\htdocs\yii\framework\web\CWebApplication.php(141): CWebApplication->runController('site/index')
#15 C:\xampp\htdocs\yii\framework\base\CApplication.php(180): CWebApplication->processRequest()
#16 C:\xampp\htdocs\SricharitaMatrimony\index.php(13): CApplication->run()
#17 {main}
REQUEST_URI=/SricharitaMatrimony/index.php?r=site/index
HTTP_REFERER=http://localhost/SricharitaMatrimony/index.php?r=sriUsersPrimeData/view&id=1001
---
2015/02/01 20:08:32 [error] [exception.CDbException] exception 'CDbException' with message 'CDbConnection failed to open the DB connection: SQLSTATE[HY000] [2002] No connection could be made because the target machine actively refused it.
' in C:\xampp\htdocs\yii\framework\db\CDbConnection.php:382
Stack trace:
#0 C:\xampp\htdocs\yii\framework\db\CDbConnection.php(330): CDbConnection->open()
#1 C:\xampp\htdocs\yii\framework\db\CDbConnection.php(308): CDbConnection->setActive(true)
#2 C:\xampp\htdocs\yii\framework\base\CModule.php(387): CDbConnection->init()
#3 C:\xampp\htdocs\yii\framework\base\CApplication.php(450): CModule->getComponent('db')
#4 C:\xampp\htdocs\yii\framework\db\ar\CActiveRecord.php(634): CApplication->getDb()
#5 C:\xampp\htdocs\yii\framework\db\ar\CActiveRecord.php(2361): CActiveRecord->getDbConnection()
#6 C:\xampp\htdocs\yii\framework\db\ar\CActiveRecord.php(411): CActiveRecordMetaData->__construct(Object(SriUsersPrimeData))
#7 C:\xampp\htdocs\yii\framework\db\ar\CActiveRecord.php(79): CActiveRecord->getMetaData()
#8 C:\xampp\htdocs\SricharitaMatrimony\protected\controllers\SiteController.php(32): CActiveRecord->__construct()
#9 C:\xampp\htdocs\yii\framework\web\actions\CInlineAction.php(49): SiteController->actionIndex()
#10 C:\xampp\htdocs\yii\framework\web\CController.php(308): CInlineAction->runWithParams(Array)
#11 C:\xampp\htdocs\yii\framework\web\CController.php(286): CController->runAction(Object(CInlineAction))
#12 C:\xampp\htdocs\yii\framework\web\CController.php(265): CController->runActionWithFilters(Object(CInlineAction), Array)
#13 C:\xampp\htdocs\yii\framework\web\CWebApplication.php(282): CController->run('index')
#14 C:\xampp\htdocs\yii\framework\web\CWebApplication.php(141): CWebApplication->runController('site/index')
#15 C:\xampp\htdocs\yii\framework\base\CApplication.php(180): CWebApplication->processRequest()
#16 C:\xampp\htdocs\SricharitaMatrimony\index.php(13): CApplication->run()
#17 {main}
REQUEST_URI=/SricharitaMatrimony/index.php?r=site/index
HTTP_REFERER=http://localhost/SricharitaMatrimony/index.php?r=sriUsersPrimeData/view&id=1001
---
2015/02/02 16:46:23 [error] [exception.CException] exception 'CException' with message 'Property "SriUsersPrimeData.Gender" is not defined.' in C:\xampp\htdocs\yii\framework\base\CComponent.php:130
Stack trace:
#0 C:\xampp\htdocs\yii\framework\db\ar\CActiveRecord.php(145): CComponent->__get('Gender')
#1 C:\xampp\htdocs\yii\framework\web\helpers\CHtml.php(2529): CActiveRecord->__get('Gender')
#2 C:\xampp\htdocs\yii\framework\web\helpers\CHtml.php(1701): CHtml::resolveValue(Object(SriUsersPrimeData), 'Gender')
#3 C:\xampp\htdocs\SricharitaMatrimony\protected\extensions\bootstrap\helpers\TbHtml.php(1613): CHtml::activeRadioButton(Object(SriUsersPrimeData), 'Gender', Array)
#4 C:\xampp\htdocs\SricharitaMatrimony\protected\extensions\bootstrap\helpers\TbHtml.php(2159): TbHtml::activeRadioButton(Object(SriUsersPrimeData), 'Gender', Array)
#5 C:\xampp\htdocs\SricharitaMatrimony\protected\extensions\bootstrap\helpers\TbHtml.php(2097): TbHtml::createActiveInput('radioButton', Object(SriUsersPrimeData), 'Gender', Array, Array)
#6 C:\xampp\htdocs\SricharitaMatrimony\protected\extensions\bootstrap\widgets\TbActiveForm.php(704): TbHtml::activeControlGroup('radioButton', Object(SriUsersPrimeData), 'Gender', Array, Array)
#7 C:\xampp\htdocs\SricharitaMatrimony\protected\extensions\bootstrap\widgets\TbActiveForm.php(563): TbActiveForm->createControlGroup('radioButton', Object(SriUsersPrimeData), 'Gender', Array)
#8 C:\xampp\htdocs\SricharitaMatrimony\protected\views\sriUsersPrimeData\_form.php(67): TbActiveForm->radioButtonControlGroup(Object(SriUsersPrimeData), 'Gender', Array)
#9 C:\xampp\htdocs\yii\framework\web\CBaseController.php(126): require('C:\\xampp\\htdocs...')
#10 C:\xampp\htdocs\yii\framework\web\CBaseController.php(95): CBaseController->renderInternal('C:\\xampp\\htdocs...', Array, true)
#11 C:\xampp\htdocs\yii\framework\web\CController.php(869): CBaseController->renderFile('C:\\xampp\\htdocs...', Array, true)
#12 C:\xampp\htdocs\SricharitaMatrimony\protected\views\site\index.php(56): CController->renderPartial('../sriUsersPrim...', Array)
#13 C:\xampp\htdocs\yii\framework\web\CBaseController.php(126): require('C:\\xampp\\htdocs...')
#14 C:\xampp\htdocs\yii\framework\web\CBaseController.php(95): CBaseController->renderInternal('C:\\xampp\\htdocs...', Array, true)
#15 C:\xampp\htdocs\yii\framework\web\CController.php(869): CBaseController->renderFile('C:\\xampp\\htdocs...', Array, true)
#16 C:\xampp\htdocs\yii\framework\web\CController.php(782): CController->renderPartial('index', Array, true)
#17 C:\xampp\htdocs\SricharitaMatrimony\protected\controllers\SiteController.php(33): CController->render('index', Array)
#18 C:\xampp\htdocs\yii\framework\web\actions\CInlineAction.php(49): SiteController->actionIndex()
#19 C:\xampp\htdocs\yii\framework\web\CController.php(308): CInlineAction->runWithParams(Array)
#20 C:\xampp\htdocs\yii\framework\web\CController.php(286): CController->runAction(Object(CInlineAction))
#21 C:\xampp\htdocs\yii\framework\web\CController.php(265): CController->runActionWithFilters(Object(CInlineAction), Array)
#22 C:\xampp\htdocs\yii\framework\web\CWebApplication.php(282): CController->run('index')
#23 C:\xampp\htdocs\yii\framework\web\CWebApplication.php(141): CWebApplication->runController('site/index')
#24 C:\xampp\htdocs\yii\framework\base\CApplication.php(180): CWebApplication->processRequest()
#25 C:\xampp\htdocs\SricharitaMatrimony\index.php(13): CApplication->run()
#26 {main}
REQUEST_URI=/SricharitaMatrimony/index.php?r=site/index
HTTP_REFERER=http://localhost/SricharitaMatrimony/index.php?r=sriUsersPrimeData/view&id=1001
---
2015/02/02 16:46:35 [error] [exception.CException] exception 'CException' with message 'Property "SriUsersPrimeData.Gender" is not defined.' in C:\xampp\htdocs\yii\framework\base\CComponent.php:130
Stack trace:
#0 C:\xampp\htdocs\yii\framework\db\ar\CActiveRecord.php(145): CComponent->__get('Gender')
#1 C:\xampp\htdocs\yii\framework\web\helpers\CHtml.php(2529): CActiveRecord->__get('Gender')
#2 C:\xampp\htdocs\yii\framework\web\helpers\CHtml.php(1701): CHtml::resolveValue(Object(SriUsersPrimeData), 'Gender')
#3 C:\xampp\htdocs\SricharitaMatrimony\protected\extensions\bootstrap\helpers\TbHtml.php(1613): CHtml::activeRadioButton(Object(SriUsersPrimeData), 'Gender', Array)
#4 C:\xampp\htdocs\SricharitaMatrimony\protected\extensions\bootstrap\helpers\TbHtml.php(2159): TbHtml::activeRadioButton(Object(SriUsersPrimeData), 'Gender', Array)
#5 C:\xampp\htdocs\SricharitaMatrimony\protected\extensions\bootstrap\helpers\TbHtml.php(2097): TbHtml::createActiveInput('radioButton', Object(SriUsersPrimeData), 'Gender', Array, Array)
#6 C:\xampp\htdocs\SricharitaMatrimony\protected\extensions\bootstrap\widgets\TbActiveForm.php(704): TbHtml::activeControlGroup('radioButton', Object(SriUsersPrimeData), 'Gender', Array, Array)
#7 C:\xampp\htdocs\SricharitaMatrimony\protected\extensions\bootstrap\widgets\TbActiveForm.php(563): TbActiveForm->createControlGroup('radioButton', Object(SriUsersPrimeData), 'Gender', Array)
#8 C:\xampp\htdocs\SricharitaMatrimony\protected\views\sriUsersPrimeData\_form.php(67): TbActiveForm->radioButtonControlGroup(Object(SriUsersPrimeData), 'Gender', Array)
#9 C:\xampp\htdocs\yii\framework\web\CBaseController.php(126): require('C:\\xampp\\htdocs...')
#10 C:\xampp\htdocs\yii\framework\web\CBaseController.php(95): CBaseController->renderInternal('C:\\xampp\\htdocs...', Array, true)
#11 C:\xampp\htdocs\yii\framework\web\CController.php(869): CBaseController->renderFile('C:\\xampp\\htdocs...', Array, true)
#12 C:\xampp\htdocs\SricharitaMatrimony\protected\views\site\index.php(56): CController->renderPartial('../sriUsersPrim...', Array)
#13 C:\xampp\htdocs\yii\framework\web\CBaseController.php(126): require('C:\\xampp\\htdocs...')
#14 C:\xampp\htdocs\yii\framework\web\CBaseController.php(95): CBaseController->renderInternal('C:\\xampp\\htdocs...', Array, true)
#15 C:\xampp\htdocs\yii\framework\web\CController.php(869): CBaseController->renderFile('C:\\xampp\\htdocs...', Array, true)
#16 C:\xampp\htdocs\yii\framework\web\CController.php(782): CController->renderPartial('index', Array, true)
#17 C:\xampp\htdocs\SricharitaMatrimony\protected\controllers\SiteController.php(33): CController->render('index', Array)
#18 C:\xampp\htdocs\yii\framework\web\actions\CInlineAction.php(49): SiteController->actionIndex()
#19 C:\xampp\htdocs\yii\framework\web\CController.php(308): CInlineAction->runWithParams(Array)
#20 C:\xampp\htdocs\yii\framework\web\CController.php(286): CController->runAction(Object(CInlineAction))
#21 C:\xampp\htdocs\yii\framework\web\CController.php(265): CController->runActionWithFilters(Object(CInlineAction), Array)
#22 C:\xampp\htdocs\yii\framework\web\CWebApplication.php(282): CController->run('index')
#23 C:\xampp\htdocs\yii\framework\web\CWebApplication.php(141): CWebApplication->runController('site/index')
#24 C:\xampp\htdocs\yii\framework\base\CApplication.php(180): CWebApplication->processRequest()
#25 C:\xampp\htdocs\SricharitaMatrimony\index.php(13): CApplication->run()
#26 {main}
REQUEST_URI=/SricharitaMatrimony/index.php?r=site/index
HTTP_REFERER=http://localhost/SricharitaMatrimony/index.php?r=sriUsersPrimeData/view&id=1001
---
2015/02/02 17:02:31 [error] [exception.CException] exception 'CException' with message 'SriUsersPrimeDataController cannot find the requested view "site/index".' in C:\xampp\htdocs\yii\framework\web\CController.php:878
Stack trace:
#0 C:\xampp\htdocs\yii\framework\web\CController.php(782): CController->renderPartial('site/index', Array, true)
#1 C:\xampp\htdocs\SricharitaMatrimony\protected\controllers\SriUsersPrimeDataController.php(79): CController->render('site/index', Array)
#2 C:\xampp\htdocs\yii\framework\web\actions\CInlineAction.php(49): SriUsersPrimeDataController->actionCreate()
#3 C:\xampp\htdocs\yii\framework\web\CController.php(308): CInlineAction->runWithParams(Array)
#4 C:\xampp\htdocs\yii\framework\web\filters\CFilterChain.php(133): CController->runAction(Object(CInlineAction))
#5 C:\xampp\htdocs\yii\framework\web\filters\CFilter.php(40): CFilterChain->run()
#6 C:\xampp\htdocs\yii\framework\web\CController.php(1145): CFilter->filter(Object(CFilterChain))
#7 C:\xampp\htdocs\yii\framework\web\filters\CInlineFilter.php(58): CController->filterAccessControl(Object(CFilterChain))
#8 C:\xampp\htdocs\yii\framework\web\filters\CFilterChain.php(130): CInlineFilter->filter(Object(CFilterChain))
#9 C:\xampp\htdocs\yii\framework\web\CController.php(291): CFilterChain->run()
#10 C:\xampp\htdocs\yii\framework\web\CController.php(265): CController->runActionWithFilters(Object(CInlineAction), Array)
#11 C:\xampp\htdocs\yii\framework\web\CWebApplication.php(282): CController->run('create')
#12 C:\xampp\htdocs\yii\framework\web\CWebApplication.php(141): CWebApplication->runController('sriUsersPrimeDa...')
#13 C:\xampp\htdocs\yii\framework\base\CApplication.php(180): CWebApplication->processRequest()
#14 C:\xampp\htdocs\SricharitaMatrimony\index.php(13): CApplication->run()
#15 {main}
REQUEST_URI=/SricharitaMatrimony/index.php?r=sriUsersPrimeData/create
HTTP_REFERER=http://localhost/SricharitaMatrimony/index.php?r=site/index
---
2015/02/02 17:43:17 [error] [exception.CException] exception 'CException' with message 'Property "TbActiveForm.hideErrorMessage" is not defined.' in C:\xampp\htdocs\yii\framework\base\CComponent.php:173
Stack trace:
#0 C:\xampp\htdocs\yii\framework\web\CWidgetFactory.php(161): CComponent->__set('hideErrorMessag...', true)
#1 C:\xampp\htdocs\yii\framework\web\CBaseController.php(146): CWidgetFactory->createWidget(Object(SriUsersPrimeDataController), 'bootstrap.widge...', Array)
#2 C:\xampp\htdocs\yii\framework\web\CBaseController.php(189): CBaseController->createWidget('bootstrap.widge...', Array)
#3 C:\xampp\htdocs\SricharitaMatrimony\protected\views\sriUsersPrimeData\_form.php(19): CBaseController->beginWidget('bootstrap.widge...', Array)
#4 C:\xampp\htdocs\yii\framework\web\CBaseController.php(126): require('C:\\xampp\\htdocs...')
#5 C:\xampp\htdocs\yii\framework\web\CBaseController.php(95): CBaseController->renderInternal('C:\\xampp\\htdocs...', Array, true)
#6 C:\xampp\htdocs\yii\framework\web\CController.php(869): CBaseController->renderFile('C:\\xampp\\htdocs...', Array, true)
#7 C:\xampp\htdocs\SricharitaMatrimony\protected\views\site\index.php(56): CController->renderPartial('../sriUsersPrim...', Array)
#8 C:\xampp\htdocs\yii\framework\web\CBaseController.php(126): require('C:\\xampp\\htdocs...')
#9 C:\xampp\htdocs\yii\framework\web\CBaseController.php(95): CBaseController->renderInternal('C:\\xampp\\htdocs...', Array, true)
#10 C:\xampp\htdocs\yii\framework\web\CController.php(869): CBaseController->renderFile('C:\\xampp\\htdocs...', Array, true)
#11 C:\xampp\htdocs\yii\framework\web\CController.php(782): CController->renderPartial('//site/index', Array, true)
#12 C:\xampp\htdocs\SricharitaMatrimony\protected\controllers\SriUsersPrimeDataController.php(79): CController->render('//site/index', Array)
#13 C:\xampp\htdocs\yii\framework\web\actions\CInlineAction.php(49): SriUsersPrimeDataController->actionCreate()
#14 C:\xampp\htdocs\yii\framework\web\CController.php(308): CInlineAction->runWithParams(Array)
#15 C:\xampp\htdocs\yii\framework\web\filters\CFilterChain.php(133): CController->runAction(Object(CInlineAction))
#16 C:\xampp\htdocs\yii\framework\web\filters\CFilter.php(40): CFilterChain->run()
#17 C:\xampp\htdocs\yii\framework\web\CController.php(1145): CFilter->filter(Object(CFilterChain))
#18 C:\xampp\htdocs\yii\framework\web\filters\CInlineFilter.php(58): CController->filterAccessControl(Object(CFilterChain))
#19 C:\xampp\htdocs\yii\framework\web\filters\CFilterChain.php(130): CInlineFilter->filter(Object(CFilterChain))
#20 C:\xampp\htdocs\yii\framework\web\CController.php(291): CFilterChain->run()
#21 C:\xampp\htdocs\yii\framework\web\CController.php(265): CController->runActionWithFilters(Object(CInlineAction), Array)
#22 C:\xampp\htdocs\yii\framework\web\CWebApplication.php(282): CController->run('create')
#23 C:\xampp\htdocs\yii\framework\web\CWebApplication.php(141): CWebApplication->runController('sriUsersPrimeDa...')
#24 C:\xampp\htdocs\yii\framework\base\CApplication.php(180): CWebApplication->processRequest()
#25 C:\xampp\htdocs\SricharitaMatrimony\index.php(13): CApplication->run()
#26 {main}
REQUEST_URI=/SricharitaMatrimony/index.php?r=sriUsersPrimeData/create
HTTP_REFERER=http://localhost/SricharitaMatrimony/index.php?r=site/index
---
2015/02/02 18:40:22 [error] [exception.CException] exception 'CException' with message 'Alias "yiiwheels.widgets.datepicker.WhDatePicker" is invalid. Make sure it points to an existing PHP file and the file is readable.' in C:\xampp\htdocs\yii\framework\YiiBase.php:322
Stack trace:
#0 C:\xampp\htdocs\yii\framework\web\CWidgetFactory.php(146): YiiBase::import('yiiwheels.widge...', true)
#1 C:\xampp\htdocs\yii\framework\web\CBaseController.php(146): CWidgetFactory->createWidget(Object(SiteController), 'yiiwheels.widge...', Array)
#2 C:\xampp\htdocs\yii\framework\web\CBaseController.php(172): CBaseController->createWidget('yiiwheels.widge...', Array)
#3 C:\xampp\htdocs\SricharitaMatrimony\protected\views\sriUsersPrimeData\_form.php(54): CBaseController->widget('yiiwheels.widge...', Array)
#4 C:\xampp\htdocs\yii\framework\web\CBaseController.php(126): require('C:\\xampp\\htdocs...')
#5 C:\xampp\htdocs\yii\framework\web\CBaseController.php(95): CBaseController->renderInternal('C:\\xampp\\htdocs...', Array, true)
#6 C:\xampp\htdocs\yii\framework\web\CController.php(869): CBaseController->renderFile('C:\\xampp\\htdocs...', Array, true)
#7 C:\xampp\htdocs\SricharitaMatrimony\protected\views\site\index.php(56): CController->renderPartial('../sriUsersPrim...', Array)
#8 C:\xampp\htdocs\yii\framework\web\CBaseController.php(126): require('C:\\xampp\\htdocs...')
#9 C:\xampp\htdocs\yii\framework\web\CBaseController.php(95): CBaseController->renderInternal('C:\\xampp\\htdocs...', Array, true)
#10 C:\xampp\htdocs\yii\framework\web\CController.php(869): CBaseController->renderFile('C:\\xampp\\htdocs...', Array, true)
#11 C:\xampp\htdocs\yii\framework\web\CController.php(782): CController->renderPartial('index', Array, true)
#12 C:\xampp\htdocs\SricharitaMatrimony\protected\controllers\SiteController.php(33): CController->render('index', Array)
#13 C:\xampp\htdocs\yii\framework\web\actions\CInlineAction.php(49): SiteController->actionIndex()
#14 C:\xampp\htdocs\yii\framework\web\CController.php(308): CInlineAction->runWithParams(Array)
#15 C:\xampp\htdocs\yii\framework\web\CController.php(286): CController->runAction(Object(CInlineAction))
#16 C:\xampp\htdocs\yii\framework\web\CController.php(265): CController->runActionWithFilters(Object(CInlineAction), Array)
#17 C:\xampp\htdocs\yii\framework\web\CWebApplication.php(282): CController->run('index')
#18 C:\xampp\htdocs\yii\framework\web\CWebApplication.php(141): CWebApplication->runController('site/index')
#19 C:\xampp\htdocs\yii\framework\base\CApplication.php(180): CWebApplication->processRequest()
#20 C:\xampp\htdocs\SricharitaMatrimony\index.php(13): CApplication->run()
#21 {main}
REQUEST_URI=/SricharitaMatrimony/index.php?r=site/index
HTTP_REFERER=http://localhost/SricharitaMatrimony/index.php
---
2015/02/02 18:59:33 [error] [php] Object of class WhDatePicker could not be converted to string (C:\xampp\htdocs\SricharitaMatrimony\protected\extensions\bootstrap\helpers\TbHtml.php:2108)
Stack trace:
#0 C:\xampp\htdocs\yii\framework\web\CBaseController.php(126): require()
#1 C:\xampp\htdocs\yii\framework\web\CBaseController.php(95): SiteController->renderInternal()
#2 C:\xampp\htdocs\yii\framework\web\CController.php(869): SiteController->renderFile()
#3 C:\xampp\htdocs\SricharitaMatrimony\protected\views\site\index.php(56): SiteController->renderPartial()
#4 C:\xampp\htdocs\yii\framework\web\CBaseController.php(126): require()
#5 C:\xampp\htdocs\yii\framework\web\CBaseController.php(95): SiteController->renderInternal()
#6 C:\xampp\htdocs\yii\framework\web\CController.php(869): SiteController->renderFile()
#7 C:\xampp\htdocs\yii\framework\web\CController.php(782): SiteController->renderPartial()
#8 C:\xampp\htdocs\SricharitaMatrimony\protected\controllers\SiteController.php(33): SiteController->render()
#9 C:\xampp\htdocs\yii\framework\web\actions\CInlineAction.php(49): SiteController->actionIndex()
#10 C:\xampp\htdocs\yii\framework\web\CController.php(308): CInlineAction->runWithParams()
#11 C:\xampp\htdocs\yii\framework\web\CController.php(286): SiteController->runAction()
#12 C:\xampp\htdocs\yii\framework\web\CController.php(265): SiteController->runActionWithFilters()
#13 C:\xampp\htdocs\yii\framework\web\CWebApplication.php(282): SiteController->run()
#14 C:\xampp\htdocs\yii\framework\web\CWebApplication.php(141): CWebApplication->runController()
#15 C:\xampp\htdocs\yii\framework\base\CApplication.php(180): CWebApplication->processRequest()
#16 C:\xampp\htdocs\SricharitaMatrimony\index.php(13): CWebApplication->run()
REQUEST_URI=/SricharitaMatrimony/index.php?r=site/index
in C:\xampp\htdocs\SricharitaMatrimony\protected\extensions\bootstrap\helpers\TbHtml.php (2108)
in C:\xampp\htdocs\SricharitaMatrimony\protected\extensions\bootstrap\helpers\TbHtml.php (2124)
in C:\xampp\htdocs\SricharitaMatrimony\protected\views\sriUsersPrimeData\_form.php (55)
2015/02/03 02:00:10 [error] [exception.CException] exception 'CException' with message 'Property "CJuiDatePicker.label" is not defined.' in C:\xampp\htdocs\yii\framework\base\CComponent.php:173
Stack trace:
#0 C:\xampp\htdocs\yii\framework\web\CWidgetFactory.php(161): CComponent->__set('label', 'Date of Birth')
#1 C:\xampp\htdocs\yii\framework\web\CBaseController.php(146): CWidgetFactory->createWidget(Object(SiteController), 'zii.widgets.jui...', Array)
#2 C:\xampp\htdocs\yii\framework\web\CBaseController.php(172): CBaseController->createWidget('zii.widgets.jui...', Array)
#3 C:\xampp\htdocs\SricharitaMatrimony\protected\views\sriUsersPrimeData\_form.php(65): CBaseController->widget('zii.widgets.jui...', Array)
#4 C:\xampp\htdocs\yii\framework\web\CBaseController.php(126): require('C:\\xampp\\htdocs...')
#5 C:\xampp\htdocs\yii\framework\web\CBaseController.php(95): CBaseController->renderInternal('C:\\xampp\\htdocs...', Array, true)
#6 C:\xampp\htdocs\yii\framework\web\CController.php(869): CBaseController->renderFile('C:\\xampp\\htdocs...', Array, true)
#7 C:\xampp\htdocs\SricharitaMatrimony\protected\views\site\index.php(56): CController->renderPartial('../sriUsersPrim...', Array)
#8 C:\xampp\htdocs\yii\framework\web\CBaseController.php(126): require('C:\\xampp\\htdocs...')
#9 C:\xampp\htdocs\yii\framework\web\CBaseController.php(95): CBaseController->renderInternal('C:\\xampp\\htdocs...', Array, true)
#10 C:\xampp\htdocs\yii\framework\web\CController.php(869): CBaseController->renderFile('C:\\xampp\\htdocs...', Array, true)
#11 C:\xampp\htdocs\yii\framework\web\CController.php(782): CController->renderPartial('index', Array, true)
#12 C:\xampp\htdocs\SricharitaMatrimony\protected\controllers\SiteController.php(33): CController->render('index', Array)
#13 C:\xampp\htdocs\yii\framework\web\actions\CInlineAction.php(49): SiteController->actionIndex()
#14 C:\xampp\htdocs\yii\framework\web\CController.php(308): CInlineAction->runWithParams(Array)
#15 C:\xampp\htdocs\yii\framework\web\CController.php(286): CController->runAction(Object(CInlineAction))
#16 C:\xampp\htdocs\yii\framework\web\CController.php(265): CController->runActionWithFilters(Object(CInlineAction), Array)
#17 C:\xampp\htdocs\yii\framework\web\CWebApplication.php(282): CController->run('')
#18 C:\xampp\htdocs\yii\framework\web\CWebApplication.php(141): CWebApplication->runController('')
#19 C:\xampp\htdocs\yii\framework\base\CApplication.php(180): CWebApplication->processRequest()
#20 C:\xampp\htdocs\SricharitaMatrimony\index.php(13): CApplication->run()
#21 {main}
REQUEST_URI=/SricharitaMatrimony/index.php
---
2015/02/03 02:00:22 [error] [exception.CException] exception 'CException' with message 'Property "CJuiDatePicker.label" is not defined.' in C:\xampp\htdocs\yii\framework\base\CComponent.php:173
Stack trace:
#0 C:\xampp\htdocs\yii\framework\web\CWidgetFactory.php(161): CComponent->__set('label', 'Date of Birth')
#1 C:\xampp\htdocs\yii\framework\web\CBaseController.php(146): CWidgetFactory->createWidget(Object(SiteController), 'zii.widgets.jui...', Array)
#2 C:\xampp\htdocs\yii\framework\web\CBaseController.php(172): CBaseController->createWidget('zii.widgets.jui...', Array)
#3 C:\xampp\htdocs\SricharitaMatrimony\protected\views\sriUsersPrimeData\_form.php(65): CBaseController->widget('zii.widgets.jui...', Array)
#4 C:\xampp\htdocs\yii\framework\web\CBaseController.php(126): require('C:\\xampp\\htdocs...')
#5 C:\xampp\htdocs\yii\framework\web\CBaseController.php(95): CBaseController->renderInternal('C:\\xampp\\htdocs...', Array, true)
#6 C:\xampp\htdocs\yii\framework\web\CController.php(869): CBaseController->renderFile('C:\\xampp\\htdocs...', Array, true)
#7 C:\xampp\htdocs\SricharitaMatrimony\protected\views\site\index.php(56): CController->renderPartial('../sriUsersPrim...', Array)
#8 C:\xampp\htdocs\yii\framework\web\CBaseController.php(126): require('C:\\xampp\\htdocs...')
#9 C:\xampp\htdocs\yii\framework\web\CBaseController.php(95): CBaseController->renderInternal('C:\\xampp\\htdocs...', Array, true)
#10 C:\xampp\htdocs\yii\framework\web\CController.php(869): CBaseController->renderFile('C:\\xampp\\htdocs...', Array, true)
#11 C:\xampp\htdocs\yii\framework\web\CController.php(782): CController->renderPartial('index', Array, true)
#12 C:\xampp\htdocs\SricharitaMatrimony\protected\controllers\SiteController.php(33): CController->render('index', Array)
#13 C:\xampp\htdocs\yii\framework\web\actions\CInlineAction.php(49): SiteController->actionIndex()
#14 C:\xampp\htdocs\yii\framework\web\CController.php(308): CInlineAction->runWithParams(Array)
#15 C:\xampp\htdocs\yii\framework\web\CController.php(286): CController->runAction(Object(CInlineAction))
#16 C:\xampp\htdocs\yii\framework\web\CController.php(265): CController->runActionWithFilters(Object(CInlineAction), Array)
#17 C:\xampp\htdocs\yii\framework\web\CWebApplication.php(282): CController->run('')
#18 C:\xampp\htdocs\yii\framework\web\CWebApplication.php(141): CWebApplication->runController('')
#19 C:\xampp\htdocs\yii\framework\base\CApplication.php(180): CWebApplication->processRequest()
#20 C:\xampp\htdocs\SricharitaMatrimony\index.php(13): CApplication->run()
#21 {main}
REQUEST_URI=/SricharitaMatrimony/index.php
---
2015/02/03 02:02:42 [error] [exception.CException] exception 'CException' with message 'Property "CJuiDatePicker.label" is not defined.' in C:\xampp\htdocs\yii\framework\base\CComponent.php:173
Stack trace:
#0 C:\xampp\htdocs\yii\framework\web\CWidgetFactory.php(161): CComponent->__set('label', 'Date of Birth')
#1 C:\xampp\htdocs\yii\framework\web\CBaseController.php(146): CWidgetFactory->createWidget(Object(SiteController), 'zii.widgets.jui...', Array)
#2 C:\xampp\htdocs\yii\framework\web\CBaseController.php(172): CBaseController->createWidget('zii.widgets.jui...', Array)
#3 C:\xampp\htdocs\SricharitaMatrimony\protected\views\sriUsersPrimeData\_form.php(66): CBaseController->widget('zii.widgets.jui...', Array)
#4 C:\xampp\htdocs\yii\framework\web\CBaseController.php(126): require('C:\\xampp\\htdocs...')
#5 C:\xampp\htdocs\yii\framework\web\CBaseController.php(95): CBaseController->renderInternal('C:\\xampp\\htdocs...', Array, true)
#6 C:\xampp\htdocs\yii\framework\web\CController.php(869): CBaseController->renderFile('C:\\xampp\\htdocs...', Array, true)
#7 C:\xampp\htdocs\SricharitaMatrimony\protected\views\site\index.php(56): CController->renderPartial('../sriUsersPrim...', Array)
#8 C:\xampp\htdocs\yii\framework\web\CBaseController.php(126): require('C:\\xampp\\htdocs...')
#9 C:\xampp\htdocs\yii\framework\web\CBaseController.php(95): CBaseController->renderInternal('C:\\xampp\\htdocs...', Array, true)
#10 C:\xampp\htdocs\yii\framework\web\CController.php(869): CBaseController->renderFile('C:\\xampp\\htdocs...', Array, true)
#11 C:\xampp\htdocs\yii\framework\web\CController.php(782): CController->renderPartial('index', Array, true)
#12 C:\xampp\htdocs\SricharitaMatrimony\protected\controllers\SiteController.php(33): CController->render('index', Array)
#13 C:\xampp\htdocs\yii\framework\web\actions\CInlineAction.php(49): SiteController->actionIndex()
#14 C:\xampp\htdocs\yii\framework\web\CController.php(308): CInlineAction->runWithParams(Array)
#15 C:\xampp\htdocs\yii\framework\web\CController.php(286): CController->runAction(Object(CInlineAction))
#16 C:\xampp\htdocs\yii\framework\web\CController.php(265): CController->runActionWithFilters(Object(CInlineAction), Array)
#17 C:\xampp\htdocs\yii\framework\web\CWebApplication.php(282): CController->run('')
#18 C:\xampp\htdocs\yii\framework\web\CWebApplication.php(141): CWebApplication->runController('')
#19 C:\xampp\htdocs\yii\framework\base\CApplication.php(180): CWebApplication->processRequest()
#20 C:\xampp\htdocs\SricharitaMatrimony\index.php(13): CApplication->run()
#21 {main}
REQUEST_URI=/SricharitaMatrimony/index.php
---
2015/02/03 02:02:49 [error] [exception.CException] exception 'CException' with message 'Property "CJuiDatePicker.controller" is read only.' in C:\xampp\htdocs\yii\framework\base\CComponent.php:170
Stack trace:
#0 C:\xampp\htdocs\yii\framework\web\CWidgetFactory.php(161): CComponent->__set('controller', 'SriUsersPrimeDa...')
#1 C:\xampp\htdocs\yii\framework\web\CBaseController.php(146): CWidgetFactory->createWidget(Object(SiteController), 'zii.widgets.jui...', Array)
#2 C:\xampp\htdocs\yii\framework\web\CBaseController.php(172): CBaseController->createWidget('zii.widgets.jui...', Array)
#3 C:\xampp\htdocs\SricharitaMatrimony\protected\views\sriUsersPrimeData\_form.php(66): CBaseController->widget('zii.widgets.jui...', Array)
#4 C:\xampp\htdocs\yii\framework\web\CBaseController.php(126): require('C:\\xampp\\htdocs...')
#5 C:\xampp\htdocs\yii\framework\web\CBaseController.php(95): CBaseController->renderInternal('C:\\xampp\\htdocs...', Array, true)
#6 C:\xampp\htdocs\yii\framework\web\CController.php(869): CBaseController->renderFile('C:\\xampp\\htdocs...', Array, true)
#7 C:\xampp\htdocs\SricharitaMatrimony\protected\views\site\index.php(56): CController->renderPartial('../sriUsersPrim...', Array)
#8 C:\xampp\htdocs\yii\framework\web\CBaseController.php(126): require('C:\\xampp\\htdocs...')
#9 C:\xampp\htdocs\yii\framework\web\CBaseController.php(95): CBaseController->renderInternal('C:\\xampp\\htdocs...', Array, true)
#10 C:\xampp\htdocs\yii\framework\web\CController.php(869): CBaseController->renderFile('C:\\xampp\\htdocs...', Array, true)
#11 C:\xampp\htdocs\yii\framework\web\CController.php(782): CController->renderPartial('index', Array, true)
#12 C:\xampp\htdocs\SricharitaMatrimony\protected\controllers\SiteController.php(33): CController->render('index', Array)
#13 C:\xampp\htdocs\yii\framework\web\actions\CInlineAction.php(49): SiteController->actionIndex()
#14 C:\xampp\htdocs\yii\framework\web\CController.php(308): CInlineAction->runWithParams(Array)
#15 C:\xampp\htdocs\yii\framework\web\CController.php(286): CController->runAction(Object(CInlineAction))
#16 C:\xampp\htdocs\yii\framework\web\CController.php(265): CController->runActionWithFilters(Object(CInlineAction), Array)
#17 C:\xampp\htdocs\yii\framework\web\CWebApplication.php(282): CController->run('')
#18 C:\xampp\htdocs\yii\framework\web\CWebApplication.php(141): CWebApplication->runController('')
#19 C:\xampp\htdocs\yii\framework\base\CApplication.php(180): CWebApplication->processRequest()
#20 C:\xampp\htdocs\SricharitaMatrimony\index.php(13): CApplication->run()
#21 {main}
REQUEST_URI=/SricharitaMatrimony/index.php
---
2015/02/03 02:03:00 [error] [exception.CException] exception 'CException' with message 'Property "CJuiDatePicker.controller" is read only.' in C:\xampp\htdocs\yii\framework\base\CComponent.php:170
Stack trace:
#0 C:\xampp\htdocs\yii\framework\web\CWidgetFactory.php(161): CComponent->__set('controller', 'SriUsersPrimeDa...')
#1 C:\xampp\htdocs\yii\framework\web\CBaseController.php(146): CWidgetFactory->createWidget(Object(SiteController), 'zii.widgets.jui...', Array)
#2 C:\xampp\htdocs\yii\framework\web\CBaseController.php(172): CBaseController->createWidget('zii.widgets.jui...', Array)
#3 C:\xampp\htdocs\SricharitaMatrimony\protected\views\sriUsersPrimeData\_form.php(66): CBaseController->widget('zii.widgets.jui...', Array)
#4 C:\xampp\htdocs\yii\framework\web\CBaseController.php(126): require('C:\\xampp\\htdocs...')
#5 C:\xampp\htdocs\yii\framework\web\CBaseController.php(95): CBaseController->renderInternal('C:\\xampp\\htdocs...', Array, true)
#6 C:\xampp\htdocs\yii\framework\web\CController.php(869): CBaseController->renderFile('C:\\xampp\\htdocs...', Array, true)
#7 C:\xampp\htdocs\SricharitaMatrimony\protected\views\site\index.php(56): CController->renderPartial('../sriUsersPrim...', Array)
#8 C:\xampp\htdocs\yii\framework\web\CBaseController.php(126): require('C:\\xampp\\htdocs...')
#9 C:\xampp\htdocs\yii\framework\web\CBaseController.php(95): CBaseController->renderInternal('C:\\xampp\\htdocs...', Array, true)
#10 C:\xampp\htdocs\yii\framework\web\CController.php(869): CBaseController->renderFile('C:\\xampp\\htdocs...', Array, true)
#11 C:\xampp\htdocs\yii\framework\web\CController.php(782): CController->renderPartial('index', Array, true)
#12 C:\xampp\htdocs\SricharitaMatrimony\protected\controllers\SiteController.php(33): CController->render('index', Array)
#13 C:\xampp\htdocs\yii\framework\web\actions\CInlineAction.php(49): SiteController->actionIndex()
#14 C:\xampp\htdocs\yii\framework\web\CController.php(308): CInlineAction->runWithParams(Array)
#15 C:\xampp\htdocs\yii\framework\web\CController.php(286): CController->runAction(Object(CInlineAction))
#16 C:\xampp\htdocs\yii\framework\web\CController.php(265): CController->runActionWithFilters(Object(CInlineAction), Array)
#17 C:\xampp\htdocs\yii\framework\web\CWebApplication.php(282): CController->run('')
#18 C:\xampp\htdocs\yii\framework\web\CWebApplication.php(141): CWebApplication->runController('')
#19 C:\xampp\htdocs\yii\framework\base\CApplication.php(180): CWebApplication->processRequest()
#20 C:\xampp\htdocs\SricharitaMatrimony\index.php(13): CApplication->run()
#21 {main}
REQUEST_URI=/SricharitaMatrimony/index.php
---
2015/02/03 02:03:12 [error] [exception.CException] exception 'CException' with message 'Property "CJuiDatePicker.controller" is read only.' in C:\xampp\htdocs\yii\framework\base\CComponent.php:170
Stack trace:
#0 C:\xampp\htdocs\yii\framework\web\CWidgetFactory.php(161): CComponent->__set('controller', 'SriUsersPrimeDa...')
#1 C:\xampp\htdocs\yii\framework\web\CBaseController.php(146): CWidgetFactory->createWidget(Object(SiteController), 'zii.widgets.jui...', Array)
#2 C:\xampp\htdocs\yii\framework\web\CBaseController.php(172): CBaseController->createWidget('zii.widgets.jui...', Array)
#3 C:\xampp\htdocs\SricharitaMatrimony\protected\views\sriUsersPrimeData\_form.php(65): CBaseController->widget('zii.widgets.jui...', Array)
#4 C:\xampp\htdocs\yii\framework\web\CBaseController.php(126): require('C:\\xampp\\htdocs...')
#5 C:\xampp\htdocs\yii\framework\web\CBaseController.php(95): CBaseController->renderInternal('C:\\xampp\\htdocs...', Array, true)
#6 C:\xampp\htdocs\yii\framework\web\CController.php(869): CBaseController->renderFile('C:\\xampp\\htdocs...', Array, true)
#7 C:\xampp\htdocs\SricharitaMatrimony\protected\views\site\index.php(56): CController->renderPartial('../sriUsersPrim...', Array)
#8 C:\xampp\htdocs\yii\framework\web\CBaseController.php(126): require('C:\\xampp\\htdocs...')
#9 C:\xampp\htdocs\yii\framework\web\CBaseController.php(95): CBaseController->renderInternal('C:\\xampp\\htdocs...', Array, true)
#10 C:\xampp\htdocs\yii\framework\web\CController.php(869): CBaseController->renderFile('C:\\xampp\\htdocs...', Array, true)
#11 C:\xampp\htdocs\yii\framework\web\CController.php(782): CController->renderPartial('index', Array, true)
#12 C:\xampp\htdocs\SricharitaMatrimony\protected\controllers\SiteController.php(33): CController->render('index', Array)
#13 C:\xampp\htdocs\yii\framework\web\actions\CInlineAction.php(49): SiteController->actionIndex()
#14 C:\xampp\htdocs\yii\framework\web\CController.php(308): CInlineAction->runWithParams(Array)
#15 C:\xampp\htdocs\yii\framework\web\CController.php(286): CController->runAction(Object(CInlineAction))
#16 C:\xampp\htdocs\yii\framework\web\CController.php(265): CController->runActionWithFilters(Object(CInlineAction), Array)
#17 C:\xampp\htdocs\yii\framework\web\CWebApplication.php(282): CController->run('')
#18 C:\xampp\htdocs\yii\framework\web\CWebApplication.php(141): CWebApplication->runController('')
#19 C:\xampp\htdocs\yii\framework\base\CApplication.php(180): CWebApplication->processRequest()
#20 C:\xampp\htdocs\SricharitaMatrimony\index.php(13): CApplication->run()
#21 {main}
REQUEST_URI=/SricharitaMatrimony/index.php
---
2015/02/03 02:44:20 [error] [exception.CHttpException.403] exception 'CHttpException' with message 'Login Required' in C:\xampp\htdocs\yii\framework\web\auth\CWebUser.php:394
Stack trace:
#0 C:\xampp\htdocs\yii\framework\web\auth\CAccessControlFilter.php(180): CWebUser->loginRequired()
#1 C:\xampp\htdocs\yii\framework\web\auth\CAccessControlFilter.php(145): CAccessControlFilter->accessDenied(Object(CWebUser), 'You are not aut...')
#2 C:\xampp\htdocs\yii\framework\web\filters\CFilter.php(38): CAccessControlFilter->preFilter(Object(CFilterChain))
#3 C:\xampp\htdocs\yii\framework\web\CController.php(1145): CFilter->filter(Object(CFilterChain))
#4 C:\xampp\htdocs\yii\framework\web\filters\CInlineFilter.php(58): CController->filterAccessControl(Object(CFilterChain))
#5 C:\xampp\htdocs\yii\framework\web\filters\CFilterChain.php(130): CInlineFilter->filter(Object(CFilterChain))
#6 C:\xampp\htdocs\yii\framework\web\CController.php(291): CFilterChain->run()
#7 C:\xampp\htdocs\yii\framework\web\CController.php(265): CController->runActionWithFilters(Object(CInlineAction), Array)
#8 C:\xampp\htdocs\yii\framework\web\CWebApplication.php(282): CController->run('create')
#9 C:\xampp\htdocs\yii\framework\web\CWebApplication.php(141): CWebApplication->runController('sriUsersPrimeDa...')
#10 C:\xampp\htdocs\yii\framework\base\CApplication.php(180): CWebApplication->processRequest()
#11 C:\xampp\htdocs\SricharitaMatrimony\index.php(13): CApplication->run()
#12 {main}
REQUEST_URI=/SricharitaMatrimony/index.php?r=sriUsersPrimeData/create
HTTP_REFERER=http://localhost/SricharitaMatrimony/index.php
---
2015/02/03 16:02:45 [error] [system.db.CDbCommand] CDbCommand::fetchAll() failed: SQLSTATE[42S02]: Base table or view not found: 1146 Table 'track_star.sri_users_prime_data' doesn't exist. The SQL statement executed was: SHOW FULL COLUMNS FROM `sri_users_prime_data`.
in C:\xampp\htdocs\SricharitaMatrimony\protected\controllers\SiteController.php (32)
in C:\xampp\htdocs\SricharitaMatrimony\index.php (13)
2015/02/03 16:02:45 [error] [exception.CDbException] exception 'CDbException' with message 'The table "sri_users_prime_data" for active record class "SriUsersPrimeData" cannot be found in the database.' in C:\xampp\htdocs\yii\framework\db\ar\CActiveRecord.php:2362
Stack trace:
#0 C:\xampp\htdocs\yii\framework\db\ar\CActiveRecord.php(411): CActiveRecordMetaData->__construct(Object(SriUsersPrimeData))
#1 C:\xampp\htdocs\yii\framework\db\ar\CActiveRecord.php(79): CActiveRecord->getMetaData()
#2 C:\xampp\htdocs\SricharitaMatrimony\protected\controllers\SiteController.php(32): CActiveRecord->__construct()
#3 C:\xampp\htdocs\yii\framework\web\actions\CInlineAction.php(49): SiteController->actionIndex()
#4 C:\xampp\htdocs\yii\framework\web\CController.php(308): CInlineAction->runWithParams(Array)
#5 C:\xampp\htdocs\yii\framework\web\CController.php(286): CController->runAction(Object(CInlineAction))
#6 C:\xampp\htdocs\yii\framework\web\CController.php(265): CController->runActionWithFilters(Object(CInlineAction), Array)
#7 C:\xampp\htdocs\yii\framework\web\CWebApplication.php(282): CController->run('index')
#8 C:\xampp\htdocs\yii\framework\web\CWebApplication.php(141): CWebApplication->runController('site/index')
#9 C:\xampp\htdocs\yii\framework\base\CApplication.php(180): CWebApplication->processRequest()
#10 C:\xampp\htdocs\SricharitaMatrimony\index.php(13): CApplication->run()
#11 {main}
REQUEST_URI=/SricharitaMatrimony/index.php?r=site/index
HTTP_REFERER=http://localhost/SricharitaMatrimony/index.php?r=site/login
---
2015/02/03 16:03:22 [error] [exception.CDbException] exception 'CDbException' with message 'CDbConnection failed to open the DB connection: SQLSTATE[HY000] [1049] Unknown database 'sri_users_prime_data'' in C:\xampp\htdocs\yii\framework\db\CDbConnection.php:382
Stack trace:
#0 C:\xampp\htdocs\yii\framework\db\CDbConnection.php(330): CDbConnection->open()
#1 C:\xampp\htdocs\yii\framework\db\CDbConnection.php(308): CDbConnection->setActive(true)
#2 C:\xampp\htdocs\yii\framework\base\CModule.php(387): CDbConnection->init()
#3 C:\xampp\htdocs\yii\framework\base\CApplication.php(450): CModule->getComponent('db')
#4 C:\xampp\htdocs\yii\framework\db\ar\CActiveRecord.php(634): CApplication->getDb()
#5 C:\xampp\htdocs\yii\framework\db\ar\CActiveRecord.php(2361): CActiveRecord->getDbConnection()
#6 C:\xampp\htdocs\yii\framework\db\ar\CActiveRecord.php(411): CActiveRecordMetaData->__construct(Object(SriUsersPrimeData))
#7 C:\xampp\htdocs\yii\framework\db\ar\CActiveRecord.php(79): CActiveRecord->getMetaData()
#8 C:\xampp\htdocs\SricharitaMatrimony\protected\controllers\SiteController.php(32): CActiveRecord->__construct()
#9 C:\xampp\htdocs\yii\framework\web\actions\CInlineAction.php(49): SiteController->actionIndex()
#10 C:\xampp\htdocs\yii\framework\web\CController.php(308): CInlineAction->runWithParams(Array)
#11 C:\xampp\htdocs\yii\framework\web\CController.php(286): CController->runAction(Object(CInlineAction))
#12 C:\xampp\htdocs\yii\framework\web\CController.php(265): CController->runActionWithFilters(Object(CInlineAction), Array)
#13 C:\xampp\htdocs\yii\framework\web\CWebApplication.php(282): CController->run('index')
#14 C:\xampp\htdocs\yii\framework\web\CWebApplication.php(141): CWebApplication->runController('site/index')
#15 C:\xampp\htdocs\yii\framework\base\CApplication.php(180): CWebApplication->processRequest()
#16 C:\xampp\htdocs\SricharitaMatrimony\index.php(13): CApplication->run()
#17 {main}
REQUEST_URI=/SricharitaMatrimony/index.php?r=site/index
HTTP_REFERER=http://localhost/SricharitaMatrimony/index.php?r=site/login
---
2015/02/03 16:06:02 [error] [exception.CDbException] exception 'CDbException' with message 'CDbConnection failed to open the DB connection: SQLSTATE[HY000] [2002] No connection could be made because the target machine actively refused it.
' in C:\xampp\htdocs\yii\framework\db\CDbConnection.php:382
Stack trace:
#0 C:\xampp\htdocs\yii\framework\db\CDbConnection.php(330): CDbConnection->open()
#1 C:\xampp\htdocs\yii\framework\db\CDbConnection.php(308): CDbConnection->setActive(true)
#2 C:\xampp\htdocs\yii\framework\base\CModule.php(387): CDbConnection->init()
#3 C:\xampp\htdocs\yii\framework\base\CApplication.php(450): CModule->getComponent('db')
#4 C:\xampp\htdocs\yii\framework\db\ar\CActiveRecord.php(634): CApplication->getDb()
#5 C:\xampp\htdocs\yii\framework\db\ar\CActiveRecord.php(2361): CActiveRecord->getDbConnection()
#6 C:\xampp\htdocs\yii\framework\db\ar\CActiveRecord.php(411): CActiveRecordMetaData->__construct(Object(SriUsersPrimeData))
#7 C:\xampp\htdocs\yii\framework\db\ar\CActiveRecord.php(79): CActiveRecord->getMetaData()
#8 C:\xampp\htdocs\SricharitaMatrimony\protected\controllers\SiteController.php(32): CActiveRecord->__construct()
#9 C:\xampp\htdocs\yii\framework\web\actions\CInlineAction.php(49): SiteController->actionIndex()
#10 C:\xampp\htdocs\yii\framework\web\CController.php(308): CInlineAction->runWithParams(Array)
#11 C:\xampp\htdocs\yii\framework\web\CController.php(286): CController->runAction(Object(CInlineAction))
#12 C:\xampp\htdocs\yii\framework\web\CController.php(265): CController->runActionWithFilters(Object(CInlineAction), Array)
#13 C:\xampp\htdocs\yii\framework\web\CWebApplication.php(282): CController->run('index')
#14 C:\xampp\htdocs\yii\framework\web\CWebApplication.php(141): CWebApplication->runController('site/index')
#15 C:\xampp\htdocs\yii\framework\base\CApplication.php(180): CWebApplication->processRequest()
#16 C:\xampp\htdocs\SricharitaMatrimony\index.php(13): CApplication->run()
#17 {main}
REQUEST_URI=/SricharitaMatrimony/index.php?r=site/index
HTTP_REFERER=http://localhost/SricharitaMatrimony/index.php?r=site/login
---
2015/02/03 16:06:08 [error] [exception.CDbException] exception 'CDbException' with message 'CDbConnection failed to open the DB connection: SQLSTATE[HY000] [2002] No connection could be made because the target machine actively refused it.
' in C:\xampp\htdocs\yii\framework\db\CDbConnection.php:382
Stack trace:
#0 C:\xampp\htdocs\yii\framework\db\CDbConnection.php(330): CDbConnection->open()
#1 C:\xampp\htdocs\yii\framework\db\CDbConnection.php(308): CDbConnection->setActive(true)
#2 C:\xampp\htdocs\yii\framework\base\CModule.php(387): CDbConnection->init()
#3 C:\xampp\htdocs\yii\framework\base\CApplication.php(450): CModule->getComponent('db')
#4 C:\xampp\htdocs\yii\framework\db\ar\CActiveRecord.php(634): CApplication->getDb()
#5 C:\xampp\htdocs\yii\framework\db\ar\CActiveRecord.php(2361): CActiveRecord->getDbConnection()
#6 C:\xampp\htdocs\yii\framework\db\ar\CActiveRecord.php(411): CActiveRecordMetaData->__construct(Object(SriUsersPrimeData))
#7 C:\xampp\htdocs\yii\framework\db\ar\CActiveRecord.php(79): CActiveRecord->getMetaData()
#8 C:\xampp\htdocs\SricharitaMatrimony\protected\controllers\SiteController.php(32): CActiveRecord->__construct()
#9 C:\xampp\htdocs\yii\framework\web\actions\CInlineAction.php(49): SiteController->actionIndex()
#10 C:\xampp\htdocs\yii\framework\web\CController.php(308): CInlineAction->runWithParams(Array)
#11 C:\xampp\htdocs\yii\framework\web\CController.php(286): CController->runAction(Object(CInlineAction))
#12 C:\xampp\htdocs\yii\framework\web\CController.php(265): CController->runActionWithFilters(Object(CInlineAction), Array)
#13 C:\xampp\htdocs\yii\framework\web\CWebApplication.php(282): CController->run('index')
#14 C:\xampp\htdocs\yii\framework\web\CWebApplication.php(141): CWebApplication->runController('site/index')
#15 C:\xampp\htdocs\yii\framework\base\CApplication.php(180): CWebApplication->processRequest()
#16 C:\xampp\htdocs\SricharitaMatrimony\index.php(13): CApplication->run()
#17 {main}
REQUEST_URI=/SricharitaMatrimony/index.php?r=site/index
HTTP_REFERER=http://localhost/SricharitaMatrimony/index.php?r=site/login
---
2015/02/03 16:07:31 [error] [exception.CDbException] exception 'CDbException' with message 'CDbConnection failed to open the DB connection: SQLSTATE[HY000] [1049] Unknown database 'sri_users_prime_data'' in C:\xampp\htdocs\yii\framework\db\CDbConnection.php:382
Stack trace:
#0 C:\xampp\htdocs\yii\framework\db\CDbConnection.php(330): CDbConnection->open()
#1 C:\xampp\htdocs\yii\framework\db\CDbConnection.php(308): CDbConnection->setActive(true)
#2 C:\xampp\htdocs\yii\framework\base\CModule.php(387): CDbConnection->init()
#3 C:\xampp\htdocs\yii\framework\base\CApplication.php(450): CModule->getComponent('db')
#4 C:\xampp\htdocs\yii\framework\db\ar\CActiveRecord.php(634): CApplication->getDb()
#5 C:\xampp\htdocs\yii\framework\db\ar\CActiveRecord.php(2361): CActiveRecord->getDbConnection()
#6 C:\xampp\htdocs\yii\framework\db\ar\CActiveRecord.php(411): CActiveRecordMetaData->__construct(Object(SriUsersPrimeData))
#7 C:\xampp\htdocs\yii\framework\db\ar\CActiveRecord.php(79): CActiveRecord->getMetaData()
#8 C:\xampp\htdocs\SricharitaMatrimony\protected\controllers\SiteController.php(32): CActiveRecord->__construct()
#9 C:\xampp\htdocs\yii\framework\web\actions\CInlineAction.php(49): SiteController->actionIndex()
#10 C:\xampp\htdocs\yii\framework\web\CController.php(308): CInlineAction->runWithParams(Array)
#11 C:\xampp\htdocs\yii\framework\web\CController.php(286): CController->runAction(Object(CInlineAction))
#12 C:\xampp\htdocs\yii\framework\web\CController.php(265): CController->runActionWithFilters(Object(CInlineAction), Array)
#13 C:\xampp\htdocs\yii\framework\web\CWebApplication.php(282): CController->run('index')
#14 C:\xampp\htdocs\yii\framework\web\CWebApplication.php(141): CWebApplication->runController('site/index')
#15 C:\xampp\htdocs\yii\framework\base\CApplication.php(180): CWebApplication->processRequest()
#16 C:\xampp\htdocs\SricharitaMatrimony\index.php(13): CApplication->run()
#17 {main}
REQUEST_URI=/SricharitaMatrimony/index.php?r=site/index
HTTP_REFERER=http://localhost/SricharitaMatrimony/index.php?r=site/login
---
2015/02/03 16:07:38 [error] [exception.CDbException] exception 'CDbException' with message 'CDbConnection failed to open the DB connection: SQLSTATE[HY000] [1049] Unknown database 'sri_users_prime_data'' in C:\xampp\htdocs\yii\framework\db\CDbConnection.php:382
Stack trace:
#0 C:\xampp\htdocs\yii\framework\db\CDbConnection.php(330): CDbConnection->open()
#1 C:\xampp\htdocs\yii\framework\db\CDbConnection.php(308): CDbConnection->setActive(true)
#2 C:\xampp\htdocs\yii\framework\base\CModule.php(387): CDbConnection->init()
#3 C:\xampp\htdocs\yii\framework\base\CApplication.php(450): CModule->getComponent('db')
#4 C:\xampp\htdocs\yii\framework\db\ar\CActiveRecord.php(634): CApplication->getDb()
#5 C:\xampp\htdocs\yii\framework\db\ar\CActiveRecord.php(2361): CActiveRecord->getDbConnection()
#6 C:\xampp\htdocs\yii\framework\db\ar\CActiveRecord.php(411): CActiveRecordMetaData->__construct(Object(SriUsersPrimeData))
#7 C:\xampp\htdocs\yii\framework\db\ar\CActiveRecord.php(79): CActiveRecord->getMetaData()
#8 C:\xampp\htdocs\SricharitaMatrimony\protected\controllers\SiteController.php(32): CActiveRecord->__construct()
#9 C:\xampp\htdocs\yii\framework\web\actions\CInlineAction.php(49): SiteController->actionIndex()
#10 C:\xampp\htdocs\yii\framework\web\CController.php(308): CInlineAction->runWithParams(Array)
#11 C:\xampp\htdocs\yii\framework\web\CController.php(286): CController->runAction(Object(CInlineAction))
#12 C:\xampp\htdocs\yii\framework\web\CController.php(265): CController->runActionWithFilters(Object(CInlineAction), Array)
#13 C:\xampp\htdocs\yii\framework\web\CWebApplication.php(282): CController->run('index')
#14 C:\xampp\htdocs\yii\framework\web\CWebApplication.php(141): CWebApplication->runController('site/index')
#15 C:\xampp\htdocs\yii\framework\base\CApplication.php(180): CWebApplication->processRequest()
#16 C:\xampp\htdocs\SricharitaMatrimony\index.php(13): CApplication->run()
#17 {main}
REQUEST_URI=/SricharitaMatrimony/index.php?r=site/index
HTTP_REFERER=http://localhost/SricharitaMatrimony/index.php?r=site/login
---
